Build started 11/20/2014 5:06:42 PM.
     1>Project "C:\Users\tharindu\Documents\Visual Studio 2010\Projects\Chess_Game_2\Chess_Game_2_solution\Chess_Game_2\Chess_Game_2.vcxproj" on node 2 (build target(s)).
     1>InitializeBuildStatus:
         Creating "Debug\Chess_Game_2.unsuccessfulbuild" because "AlwaysCreate" was specified.
       ClCompile:
         c:\Program Files\Microsoft Visual Studio 10.0\VC\bin\CL.exe /c /I"C:\Users\tharindu\Documents\Visual Studio 2010\Projects\Chess_Game_2\Chess_DLL_2\Chess_DLL_2" /ZI /nologo /W3 /WX- /Od /Oy- /D WIN32 /D _DEBUG /D _CONSOLE /D _UNICODE /D UNICODE /Gm /EHsc /RTC1 /MDd /GS /fp:precise /Zc:wchar_t /Zc:forScope /Fo"Debug\\" /Fd"Debug\vc100.pdb" /Gd /TP /analyze- /errorReport:prompt Board.cpp Main_Game.cpp
         Board.cpp
         Generating Code...
         Compiling...
         Main_Game.cpp
         Generating Code...
       ManifestResourceCompile:
         All outputs are up-to-date.
       Link:
         c:\Program Files\Microsoft Visual Studio 10.0\VC\bin\link.exe /ERRORREPORT:PROMPT /OUT:"C:\Users\tharindu\Documents\Visual Studio 2010\Projects\Chess_Game_2\Chess_Game_2_solution\Debug\Chess_Game_2.exe" /INCREMENTAL /NOLOGO /LIBPATH:"C:\Users\tharindu\Documents\Visual Studio 2010\Projects\Chess_Game_2\Chess_DLL_2\Debug" Chess_DLL_2.lib kernel32.lib user32.lib gdi32.lib winspool.lib comdlg32.lib advapi32.lib shell32.lib ole32.lib oleaut32.lib uuid.lib odbc32.lib odbccp32.lib /MANIFEST /ManifestFile:"Debug\Chess_Game_2.exe.intermediate.manifest" /MANIFESTUAC:"level='asInvoker' uiAccess='false'" /DEBUG /PDB:"C:\Users\tharindu\Documents\Visual Studio 2010\Projects\Chess_Game_2\Chess_Game_2_solution\Debug\Chess_Game_2.pdb" /SUBSYSTEM:CONSOLE /TLBID:1 /DYNAMICBASE /NXCOMPAT /IMPLIB:"C:\Users\tharindu\Documents\Visual Studio 2010\Projects\Chess_Game_2\Chess_Game_2_solution\Debug\Chess_Game_2.lib" /MACHINE:X86 Debug\Chess_Game_2.exe.embed.manifest.res
         Debug\Board.obj
         Debug\Main_Game.obj
         Debug\stdafx.obj
       Manifest:
         c:\Program Files\Microsoft SDKs\Windows\v7.0A\bin\mt.exe /nologo /verbose /out:"Debug\Chess_Game_2.exe.embed.manifest" /manifest Debug\Chess_Game_2.exe.intermediate.manifest
         All outputs are up-to-date.
       LinkEmbedManifest:
         All outputs are up-to-date.
         Chess_Game_2.vcxproj -> C:\Users\tharindu\Documents\Visual Studio 2010\Projects\Chess_Game_2\Chess_Game_2_solution\Debug\Chess_Game_2.exe
       FinalizeBuildStatus:
         Deleting file "Debug\Chess_Game_2.unsuccessfulbuild".
         Touching "Debug\Chess_Game_2.lastbuildstate".
     1>Done Building Project "C:\Users\tharindu\Documents\Visual Studio 2010\Projects\Chess_Game_2\Chess_Game_2_solution\Chess_Game_2\Chess_Game_2.vcxproj" (build target(s)).

Build succeeded.

Time Elapsed 00:00:02.22
